;  LST file generated by mikroListExporter - v.2.0 
; Date/Time: 2/9/2016 6:14:28 PM
;----------------------------------------------

;Address Opcode 	ASM
0x0000	0x2AD6      	GOTO       726
_interrupt:
0x0004	0x00FF      	MOVWF      R15
0x0005	0x0E03      	SWAPF      STATUS, 0
0x0006	0x0183      	CLRF       STATUS
0x0007	0x00B2      	MOVWF      ___saveSTATUS
0x0008	0x080A      	MOVF       PCLATH, 0
0x0009	0x00B1      	MOVWF      ___savePCLATH
0x000A	0x018A      	CLRF       PCLATH
0x000B	0x0870      	MOVF       R0, 0
0x000C	0x00A2      	MOVWF      34
0x000D	0x087D      	MOVF       R13, 0
0x000E	0x00A1      	MOVWF      33
;PFmicroSensor.c,39 :: 		void interrupt()
;PFmicroSensor.c,41 :: 		T1CON.TMR1ON = 1; // ON Counter
0x000F	0x1410      	BSF        T1CON, 0
;PFmicroSensor.c,42 :: 		while(Echo == 1);
L_interrupt0:
0x0010	0x1C06      	BTFSS      PORTB, 0
0x0011	0x2813      	GOTO       L_interrupt1
0x0012	0x2810      	GOTO       L_interrupt0
L_interrupt1:
;PFmicroSensor.c,43 :: 		T1CON.TMR1ON = 0;
0x0013	0x1010      	BCF        T1CON, 0
;PFmicroSensor.c,44 :: 		TMR = (unsigned int)TMR1H << 8;
0x0014	0x080F      	MOVF       TMR1H, 0
0x0015	0x00F3      	MOVWF      R3
0x0016	0x01F4      	CLRF       R3+1
0x0017	0x0873      	MOVF       R3, 0
0x0018	0x00F1      	MOVWF      R0+1
0x0019	0x01F0      	CLRF       R0
0x001A	0x0870      	MOVF       R0, 0
0x001B	0x00AF      	MOVWF      _TMR
0x001C	0x0871      	MOVF       R0+1, 0
0x001D	0x00B0      	MOVWF      _TMR+1
;PFmicroSensor.c,45 :: 		TMR = TMR + TMR1L; // Combine 2x counter byte into single integer
0x001E	0x080E      	MOVF       TMR1L, 0
0x001F	0x07F0      	ADDWF      R0, 1
0x0020	0x1803      	BTFSC      STATUS, 0
0x0021	0x0AF1      	INCF       R0+1, 1
0x0022	0x0870      	MOVF       R0, 0
0x0023	0x00AF      	MOVWF      _TMR
0x0024	0x0871      	MOVF       R0+1, 0
0x0025	0x00B0      	MOVWF      _TMR+1
;PFmicroSensor.c,46 :: 		duration = (TMR/10) * 8;
0x0026	0x300A      	MOVLW      10
0x0027	0x00F4      	MOVWF      R4
0x0028	0x3000      	MOVLW      0
0x0029	0x00F5      	MOVWF      R4+1
0x002A	0x21EA      	CALL       _Div_16x16_U
0x002B	0x0870      	MOVF       R0, 0
0x002C	0x00F4      	MOVWF      R4
0x002D	0x0871      	MOVF       R0+1, 0
0x002E	0x00F5      	MOVWF      R4+1
0x002F	0x0DF4      	RLF        R4, 1
0x0030	0x0DF5      	RLF        R4+1, 1
0x0031	0x1074      	BCF        R4, 0
0x0032	0x0DF4      	RLF        R4, 1
0x0033	0x0DF5      	RLF        R4+1, 1
0x0034	0x1074      	BCF        R4, 0
0x0035	0x0DF4      	RLF        R4, 1
0x0036	0x0DF5      	RLF        R4+1, 1
0x0037	0x1074      	BCF        R4, 0
0x0038	0x0874      	MOVF       R4, 0
0x0039	0x00F0      	MOVWF      R0
0x003A	0x0875      	MOVF       R4+1, 0
0x003B	0x00F1      	MOVWF      R0+1
0x003C	0x21D4      	CALL       _Word2Double
0x003D	0x0870      	MOVF       R0, 0
0x003E	0x00AB      	MOVWF      _duration
0x003F	0x0871      	MOVF       R0+1, 0
0x0040	0x00AC      	MOVWF      _duration+1
0x0041	0x0872      	MOVF       R0+2, 0
0x0042	0x00AD      	MOVWF      _duration+2
0x0043	0x0873      	MOVF       R0+3, 0
0x0044	0x00AE      	MOVWF      _duration+3
;PFmicroSensor.c,47 :: 		distance_cm = duration / 58 ;
0x0045	0x3000      	MOVLW      0
0x0046	0x00F4      	MOVWF      R4
0x0047	0x3000      	MOVLW      0
0x0048	0x00F5      	MOVWF      R4+1
0x0049	0x3068      	MOVLW      104
0x004A	0x00F6      	MOVWF      R4+2
0x004B	0x3084      	MOVLW      132
0x004C	0x00F7      	MOVWF      R4+3
0x004D	0x211D      	CALL       _Div_32x32_FP
0x004E	0x0870      	MOVF       R0, 0
0x004F	0x00B3      	MOVWF      FLOC__interrupt
0x0050	0x0871      	MOVF       R0+1, 0
0x0051	0x00B4      	MOVWF      FLOC__interrupt+1
0x0052	0x0872      	MOVF       R0+2, 0
0x0053	0x00B5      	MOVWF      FLOC__interrupt+2
0x0054	0x0873      	MOVF       R0+3, 0
0x0055	0x00B6      	MOVWF      FLOC__interrupt+3
0x0056	0x0833      	MOVF       FLOC__interrupt, 0
0x0057	0x00A7      	MOVWF      _distance_cm
0x0058	0x0834      	MOVF       FLOC__interrupt+1, 0
0x0059	0x00A8      	MOVWF      _distance_cm+1
0x005A	0x0835      	MOVF       FLOC__interrupt+2, 0
0x005B	0x00A9      	MOVWF      _distance_cm+2
0x005C	0x0836      	MOVF       FLOC__interrupt+3, 0
0x005D	0x00AA      	MOVWF      _distance_cm+3
;PFmicroSensor.c,48 :: 		PORTD=distance_cm;
0x005E	0x0833      	MOVF       FLOC__interrupt, 0
0x005F	0x00F0      	MOVWF      R0
0x0060	0x0834      	MOVF       FLOC__interrupt+1, 0
0x0061	0x00F1      	MOVWF      R0+1
0x0062	0x0835      	MOVF       FLOC__interrupt+2, 0
0x0063	0x00F2      	MOVWF      R0+2
0x0064	0x0836      	MOVF       FLOC__interrupt+3, 0
0x0065	0x00F3      	MOVWF      R0+3
0x0066	0x2261      	CALL       _Double2Byte
0x0067	0x0870      	MOVF       R0, 0
0x0068	0x0088      	MOVWF      PORTD
;PFmicroSensor.c,49 :: 		if(distance_cm < 50 ) // If Ultrasonic sense less than 50cm
0x0069	0x3000      	MOVLW      0
0x006A	0x00F4      	MOVWF      R4
0x006B	0x3000      	MOVLW      0
0x006C	0x00F5      	MOVWF      R4+1
0x006D	0x3048      	MOVLW      72
0x006E	0x00F6      	MOVWF      R4+2
0x006F	0x3084      	MOVLW      132
0x0070	0x00F7      	MOVWF      R4+3
0x0071	0x0833      	MOVF       FLOC__interrupt, 0
0x0072	0x00F0      	MOVWF      R0
0x0073	0x0834      	MOVF       FLOC__interrupt+1, 0
0x0074	0x00F1      	MOVWF      R0+1
0x0075	0x0835      	MOVF       FLOC__interrupt+2, 0
0x0076	0x00F2      	MOVWF      R0+2
0x0077	0x0836      	MOVF       FLOC__interrupt+3, 0
0x0078	0x00F3      	MOVWF      R0+3
0x0079	0x2207      	CALL       _Compare_Double
0x007A	0x3001      	MOVLW      1
0x007B	0x1803      	BTFSC      STATUS, 0
0x007C	0x3000      	MOVLW      0
0x007D	0x00F0      	MOVWF      R0
0x007E	0x0870      	MOVF       R0, 0
0x007F	0x1903      	BTFSC      STATUS, 2
0x0080	0x2893      	GOTO       L_interrupt2
;PFmicroSensor.c,52 :: 		delay_ms(200);
0x0081	0x3003      	MOVLW      3
0x0082	0x00FB      	MOVWF      R11
0x0083	0x3008      	MOVLW      8
0x0084	0x00FC      	MOVWF      R12
0x0085	0x3077      	MOVLW      119
0x0086	0x00FD      	MOVWF      R13
L_interrupt3:
0x0087	0x0BFD      	DECFSZ     R13, 1
0x0088	0x2887      	GOTO       L_interrupt3
0x0089	0x0BFC      	DECFSZ     R12, 1
0x008A	0x2887      	GOTO       L_interrupt3
0x008B	0x0BFB      	DECFSZ     R11, 1
0x008C	0x2887      	GOTO       L_interrupt3
;PFmicroSensor.c,53 :: 		mensaje=10;
0x008D	0x300A      	MOVLW      10
0x008E	0x00A3      	MOVWF      _mensaje
;PFmicroSensor.c,54 :: 		UART1_Write(mensaje);
0x008F	0x300A      	MOVLW      10
0x0090	0x00B7      	MOVWF      FARG_UART1_Write_data_
0x0091	0x2257      	CALL       _UART1_Write
;PFmicroSensor.c,56 :: 		}
0x0092	0x2898      	GOTO       L_interrupt4
L_interrupt2:
;PFmicroSensor.c,61 :: 		mensaje=100;
0x0093	0x3064      	MOVLW      100
0x0094	0x00A3      	MOVWF      _mensaje
;PFmicroSensor.c,62 :: 		UART1_Write(mensaje);
0x0095	0x3064      	MOVLW      100
0x0096	0x00B7      	MOVWF      FARG_UART1_Write_data_
0x0097	0x2257      	CALL       _UART1_Write
;PFmicroSensor.c,64 :: 		}
L_interrupt4:
;PFmicroSensor.c,65 :: 		INTCON.RBIF = 0;
0x0098	0x100B      	BCF        INTCON, 0
;PFmicroSensor.c,67 :: 		}
L_end_interrupt:
L__interrupt12:
0x0099	0x0822      	MOVF       34, 0
0x009A	0x00F0      	MOVWF      R0
0x009B	0x0821      	MOVF       33, 0
0x009C	0x00FD      	MOVWF      R13
0x009D	0x0831      	MOVF       ___savePCLATH, 0
0x009E	0x008A      	MOVWF      PCLATH
0x009F	0x0E32      	SWAPF      ___saveSTATUS, 0
0x00A0	0x0083      	MOVWF      STATUS
0x00A1	0x0EFF      	SWAPF      R15, 1
0x00A2	0x0E7F      	SWAPF      R15, 0
0x00A3	0x0009      	RETFIE
; end of _interrupt
_RES032:
;__Lib_MathDouble.c,123 :: 		
;__Lib_MathDouble.c,128 :: 		
0x00A4	0x01F2      	CLRF       R2
;__Lib_MathDouble.c,129 :: 		
0x00A5	0x01F1      	CLRF       R1
;__Lib_MathDouble.c,130 :: 		
0x00A6	0x01F0      	CLRF       R0
;__Lib_MathDouble.c,131 :: 		
0x00A7	0x01F8      	CLRF       R8
;__Lib_MathDouble.c,132 :: 		
0x00A8	0x01F3      	CLRF       R3
;__Lib_MathDouble.c,133 :: 		
0x00A9	0x3000      	MOVLW      0
;__Lib_MathDouble.c,135 :: 		
L_end_RES032:
0x00AA	0x0008      	RETURN
; end of _RES032
_SETFUN32:
;__Lib_MathDouble.c,138 :: 		
;__Lib_MathDouble.c,145 :: 		
0x00AB	0x157B      	BSF        R11, 2
;__Lib_MathDouble.c,146 :: 		
0x00AC	0x1FFB      	BTFSS      R11, 7
;__Lib_MathDouble.c,147 :: 		
0x00AD	0x28B5      	GOTO       SETFUN32EEE
;__Lib_MathDouble.c,148 :: 		
0x00AE	0x3001      	MOVLW      1
;__Lib_MathDouble.c,149 :: 		
0x00AF	0x00F3      	MOVWF      R3
;__Lib_MathDouble.c,150 :: 		
0x00B0	0x01F2      	CLRF       R2
;__Lib_MathDouble.c,151 :: 		
0x00B1	0x01F1      	CLRF       R1
;__Lib_MathDouble.c,152 :: 		
0x00B2	0x01F0      	CLRF       R0
;__Lib_MathDouble.c,153 :: 		
0x00B3	0x0DFA      	RLF        R10, 1
;__Lib_MathDouble.c,154 :: 		
0x00B4	0x0CF2      	RRF        R2, 1
;__Lib_MathDouble.c,155 :: 		
SETFUN32EEE:
;__Lib_MathDouble.c,156 :: 		
0x00B5	0x30FF      	MOVLW      255
;__Lib_MathDouble.c,158 :: 		
L_end_SETFUN32:
0x00B6	0x0008      	RETURN
; end of _SETFUN32
_FIXSIGN32:
;__Lib_MathDouble.c,112 :: 		
;__Lib_MathDouble.c,116 :: 		
0x00B7	0x1FFA      	BTFSS      R10, 7
;__Lib_MathDouble.c,117 :: 		
0x00B8	0x13F2      	BCF        R2, 7
;__Lib_MathDouble.c,118 :: 		
0x00B9	0x3000      	MOVLW      0
;__Lib_MathDouble.c,120 :: 		
L_end_FIXSIGN32:
0x00BA	0x0008      	RETURN
; end of _FIXSIGN32
_UART1_Init:
;__Lib_UART_c67.c,2 :: 		
;__Lib_UART_c67.c,5 :: 		
0x00BB	0x1683      	BSF        STATUS, 5
0x00BC	0x1303      	BCF        STATUS, 6
0x00BD	0x1698      	BSF        TXSTA, 5
;__Lib_UART_c67.c,6 :: 		
0x00BE	0x3090      	MOVLW      144
0x00BF	0x1283      	BCF        STATUS, 5
0x00C0	0x0098      	MOVWF      RCSTA
;__Lib_UART_c67.c,7 :: 		
0x00C1	0x1683      	BSF        STATUS, 5
0x00C2	0x1787      	BSF        TRISC7_bit, BitPos(TRISC7_bit+0)
;__Lib_UART_c67.c,8 :: 		
0x00C3	0x1307      	BCF        TRISC6_bit, BitPos(TRISC6_bit+0)
;__Lib_UART_c67.c,10 :: 		
L_UART1_Init0:
0x00C4	0x1283      	BCF        STATUS, 5
0x00C5	0x1E8C      	BTFSS      PIR1, 5
0x00C6	0x28CA      	GOTO       L_UART1_Init1
;__Lib_UART_c67.c,11 :: 		
0x00C7	0x081A      	MOVF       RCREG, 0
0x00C8	0x00F0      	MOVWF      R0
0x00C9	0x28C4      	GOTO       L_UART1_Init0
L_UART1_Init1:
;__Lib_UART_c67.c,12 :: 		
L_end_UART1_Init:
0x00CA	0x0008      	RETURN
; end of _UART1_Init
_____DoICP:
;__Lib_System.c,6 :: 		
;__Lib_System.c,9 :: 		
0x00CB	0x1283      	BCF        STATUS, 5
0x00CC	0x1303      	BCF        STATUS, 6
0x00CD	0x0825      	MOVF       ___DoICPAddr+1, 0
0x00CE	0x008A      	MOVWF      PCLATH
;__Lib_System.c,10 :: 		
0x00CF	0x0824      	MOVF       ___DoICPAddr, 0
0x00D0	0x0082      	MOVWF      PCL
;__Lib_System.c,12 :: 		
L_end_____DoICP:
0x00D1	0x0008      	RETURN
; end of _____DoICP
_NRM3232:
;__Lib_MathDouble.c,167 :: 		
;__Lib_MathDouble.c,173 :: 		
;__Lib_MathDouble.c,175 :: 		
0x00D2	0x01A0      	CLRF       __math_tempbD
;__Lib_MathDouble.c,176 :: 		
0x00D3	0x0872      	MOVF       R2, 0
;__Lib_MathDouble.c,177 :: 		
0x00D4	0x1D03      	BTFSS      STATUS, 2
;__Lib_MathDouble.c,178 :: 		
0x00D5	0x28E7      	GOTO       NORM3232
;__Lib_MathDouble.c,179 :: 		
0x00D6	0x0871      	MOVF       R1, 0
;__Lib_MathDouble.c,180 :: 		
0x00D7	0x00F2      	MOVWF      R2
;__Lib_MathDouble.c,181 :: 		
0x00D8	0x0870      	MOVF       R0, 0
;__Lib_MathDouble.c,182 :: 		
0x00D9	0x00F1      	MOVWF      R1
;__Lib_MathDouble.c,183 :: 		
0x00DA	0x01F0      	CLRF       R0
;__Lib_MathDouble.c,184 :: 		
0x00DB	0x15A0      	BSF        __math_tempbD, 3
;__Lib_MathDouble.c,186 :: 		
0x00DC	0x0872      	MOVF       R2, 0
;__Lib_MathDouble.c,187 :: 		
0x00DD	0x1D03      	BTFSS      STATUS, 2
;__Lib_MathDouble.c,188 :: 		
0x00DE	0x28E7      	GOTO       NORM3232
;__Lib_MathDouble.c,189 :: 		
0x00DF	0x0871      	MOVF       R1, 0
;__Lib_MathDouble.c,190 :: 		
0x00E0	0x00F2      	MOVWF      R2
;__Lib_MathDouble.c,191 :: 		
0x00E1	0x01F1      	CLRF       R1
;__Lib_MathDouble.c,192 :: 		
0x00E2	0x11A0      	BCF        __math_tempbD, 3
;__Lib_MathDouble.c,193 :: 		
0x00E3	0x1620      	BSF        __math_tempbD, 4
;__Lib_MathDouble.c,195 :: 		
0x00E4	0x0872      	MOVF       R2, 0
;__Lib_MathDouble.c,196 :: 		
0x00E5	0x1903      	BTFSC      STATUS, 2
;__Lib_MathDouble.c,197 :: 		
0x00E6	0x28F5      	GOTO       JPNRES032
;__Lib_MathDouble.c,198 :: 		
NORM3232:
;__Lib_MathDouble.c,199 :: 		
0x00E7	0x0820      	MOVF       __math_tempbD, 0
;__Lib_MathDouble.c,200 :: 		
0x00E8	0x02F3      	SUBWF      R3, 1
;__Lib_MathDouble.c,201 :: 		
0x00E9	0x1D03      	BTFSS      STATUS, 2
;__Lib_MathDouble.c,202 :: 		
0x00EA	0x1C03      	BTFSS      STATUS, 0
;__Lib_MathDouble.c,203 :: 		
0x00EB	0x28F9      	GOTO       JPNSETFUN32
;__Lib_MathDouble.c,204 :: 		
0x00EC	0x1003      	BCF        STATUS, 0
;__Lib_MathDouble.c,205 :: 		
NORM3232A:
;__Lib_MathDouble.c,206 :: 		
0x00ED	0x1BF2      	BTFSC      R2, 7
;__Lib_MathDouble.c,207 :: 		
0x00EE	0x28FD      	GOTO       JMPNFIXSIGN32
;__Lib_MathDouble.c,208 :: 		
0x00EF	0x0DF0      	RLF        R0, 1
;__Lib_MathDouble.c,209 :: 		
0x00F0	0x0DF1      	RLF        R1, 1
;__Lib_MathDouble.c,210 :: 		
0x00F1	0x0DF2      	RLF        R2, 1
;__Lib_MathDouble.c,211 :: 		
0x00F2	0x0BF3      	DECFSZ     R3, 1
;__Lib_MathDouble.c,212 :: 		
0x00F3	0x28ED      	GOTO       NORM3232A
;__Lib_MathDouble.c,213 :: 		
0x00F4	0x28F9      	GOTO       JPNSETFUN32
;__Lib_MathDouble.c,214 :: 		
JPNRES032:
;__Lib_MathDouble.c,215 :: 		
0x00F5	0x3001      	MOVLW      1
;__Lib_MathDouble.c,216 :: 		
0x00F6	0x00FC      	MOVWF      R12
;__Lib_MathDouble.c,218 :: 		
0x00F7	0x20A4      	CALL       _RES032
;__Lib_MathDouble.c,220 :: 		
0x00F8	0x2900      	GOTO       NORM32EEE
;__Lib_MathDouble.c,221 :: 		
JPNSETFUN32:
;__Lib_MathDouble.c,222 :: 		
0x00F9	0x3002      	MOVLW      2
;__Lib_MathDouble.c,223 :: 		
0x00FA	0x00FC      	MOVWF      R12
;__Lib_MathDouble.c,225 :: 		
0x00FB	0x20AB      	CALL       _SETFUN32
;__Lib_MathDouble.c,227 :: 		
0x00FC	0x2900      	GOTO       NORM32EEE
;__Lib_MathDouble.c,228 :: 		
JMPNFIXSIGN32:
;__Lib_MathDouble.c,229 :: 		
0x00FD	0x3004      	MOVLW      4
;__Lib_MathDouble.c,230 :: 		
0x00FE	0x00FC      	MOVWF      R12
;__Lib_MathDouble.c,232 :: 		
0x00FF	0x20B7      	CALL       _FIXSIGN32
;__Lib_MathDouble.c,234 :: 		
NORM32EEE:
;__Lib_MathDouble.c,236 :: 		
L_end_NRM3232:
0x0100	0x0008      	RETURN
; end of _NRM3232
_SETFOV32:
;__Lib_MathDouble.c,79 :: 		
;__Lib_MathDouble.c,86 :: 		
0x0101	0x14FB      	BSF        R11, 1
;__Lib_MathDouble.c,87 :: 		
0x0102	0x1FFB      	BTFSS      R11, 7
;__Lib_MathDouble.c,88 :: 		
0x0103	0x290B      	GOTO       SETFOV32EEE
;__Lib_MathDouble.c,89 :: 		
0x0104	0x30FF      	MOVLW      255
;__Lib_MathDouble.c,90 :: 		
0x0105	0x00F3      	MOVWF      R3
;__Lib_MathDouble.c,91 :: 		
0x0106	0x00F2      	MOVWF      R2
;__Lib_MathDouble.c,92 :: 		
0x0107	0x00F1      	MOVWF      R1
;__Lib_MathDouble.c,93 :: 		
0x0108	0x00F0      	MOVWF      R0
;__Lib_MathDouble.c,94 :: 		
0x0109	0x0DFA      	RLF        R10, 1
;__Lib_MathDouble.c,95 :: 		
0x010A	0x0CF2      	RRF        R2, 1
;__Lib_MathDouble.c,96 :: 		
SETFOV32EEE:
;__Lib_MathDouble.c,97 :: 		
0x010B	0x30FF      	MOVLW      255
;__Lib_MathDouble.c,99 :: 		
L_end_SETFOV32:
0x010C	0x0008      	RETURN
; end of _SETFOV32
_SETFDZ32:
;__Lib_MathDouble.c,102 :: 		
;__Lib_MathDouble.c,105 :: 		
0x010D	0x15FB      	BSF        R11, 3
;__Lib_MathDouble.c,106 :: 		
0x010E	0x30FF      	MOVLW      255
;__Lib_MathDouble.c,108 :: 		
L_end_SETFDZ32:
0x010F	0x0008      	RETURN
; end of _SETFDZ32
_SETIOV3224:
;__Lib_MathDouble.c,1000 :: 		
;__Lib_MathDouble.c,1006 :: 		
0x0110	0x147B      	BSF        R11, 0
;__Lib_MathDouble.c,1007 :: 		
0x0111	0x1FFB      	BTFSS      R11, 7
;__Lib_MathDouble.c,1008 :: 		
0x0112	0x291B      	GOTO       SETIOV3224EEE
;__Lib_MathDouble.c,1010 :: 		
0x0113	0x01F2      	CLRF       R2
;__Lib_MathDouble.c,1011 :: 		
0x0114	0x1FFA      	BTFSS      R10, 7
;__Lib_MathDouble.c,1012 :: 		
0x0115	0x30FF      	MOVLW      255
;__Lib_MathDouble.c,1013 :: 		
0x0116	0x00F2      	MOVWF      R2
;__Lib_MathDouble.c,1014 :: 		
0x0117	0x00F1      	MOVWF      R1
;__Lib_MathDouble.c,1015 :: 		
0x0118	0x00F0      	MOVWF      R0
;__Lib_MathDouble.c,1016 :: 		
0x0119	0x0DFA      	RLF        R10, 1
;__Lib_MathDouble.c,1017 :: 		
0x011A	0x0CF2      	RRF        R2, 1
;__Lib_MathDouble.c,1018 :: 		
SETIOV3224EEE:
;__Lib_MathDouble.c,1019 :: 		
0x011B	0x30FF      	MOVLW      255
;__Lib_MathDouble.c,1021 :: 		
L_end_SETIOV3224:
0x011C	0x0008      	RETURN
; end of _SETIOV3224
_Div_32x32_FP:
;__Lib_MathDouble.c,761 :: 		
;__Lib_MathDouble.c,773 :: 		
;__Lib_MathDouble.c,776 :: 		
0x011D	0x1283      	BCF        STATUS, 5
0x011E	0x1303      	BCF        STATUS, 6
0x011F	0x0874      	MOVF       R4, 0
0x0120	0x3A00      	XORLW      0
0x0121	0x1D03      	BTFSS      STATUS, 2
0x0122	0x2938      	GOTO       L_Div_32x32_FP7
;__Lib_MathDouble.c,777 :: 		
0x0123	0x0875      	MOVF       R5, 0
0x0124	0x3A00      	XORLW      0
0x0125	0x1D03      	BTFSS      STATUS, 2
0x0126	0x2938      	GOTO       L_Div_32x32_FP8
;__Lib_MathDouble.c,778 :: 		
0x0127	0x0876      	MOVF       R6, 0
0x0128	0x3A00      	XORLW      0
0x0129	0x1D03      	BTFSS      STATUS, 2
0x012A	0x2938      	GOTO       L_Div_32x32_FP9
;__Lib_MathDouble.c,779 :: 		
0x012B	0x0877      	MOVF       R7, 0
0x012C	0x3A00      	XORLW      0
0x012D	0x1D03      	BTFSS      STATUS, 2
0x012E	0x2938      	GOTO       L_Div_32x32_FP10
;__Lib_MathDouble.c,780 :: 		
0x012F	0x30FF      	MOVLW      255
0x0130	0x00F0      	MOVWF      R0
;__Lib_MathDouble.c,781 :: 		
0x0131	0x30FF      	MOVLW      255
0x0132	0x00F1      	MOVWF      R1
;__Lib_MathDouble.c,782 :: 		
0x0133	0x307F      	MOVLW      127
0x0134	0x00F2      	MOVWF      R2
;__Lib_MathDouble.c,783 :: 		
0x0135	0x30FF      	MOVLW      255
0x0136	0x00F3      	MOVWF      R3
;__Lib_MathDouble.c,784 :: 		
0x0137	0x29D3      	GOTO       L_end_Div_32x32_FP
;__Lib_MathDouble.c,785 :: 		
L_Div_32x32_FP10:
L_Div_32x32_FP9:
L_Div_32x32_FP8:
L_Div_32x32_FP7:
;__Lib_MathDouble.c,788 :: 		
0x0138	0x1283      	BCF        STATUS, 5
;__Lib_MathDouble.c,789 :: 		
0x0139	0x1303      	BCF        STATUS, 6
;__Lib_MathDouble.c,791 :: 		
0x013A	0x0877      	MOVF       R7, 0
;__Lib_MathDouble.c,792 :: 		
0x013B	0x1903      	BTFSC      STATUS, 2
;__Lib_MathDouble.c,793 :: 		
0x013C	0x29C7      	GOTO       JPDSETFDZ32
;__Lib_MathDouble.c,795 :: 		
0x013D	0x0873      	MOVF       R3, 0
;__Lib_MathDouble.c,796 :: 		
0x013E	0x1903      	BTFSC      STATUS, 2
;__Lib_MathDouble.c,797 :: 		
0x013F	0x29CA      	GOTO       JPDRES032
;__Lib_MathDouble.c,799 :: 		
0x0140	0x0872      	MOVF       R2, 0
;__Lib_MathDouble.c,800 :: 		
0x0141	0x0676      	XORWF      R6, 0
;__Lib_MathDouble.c,801 :: 		
0x0142	0x3980      	ANDLW      128
;__Lib_MathDouble.c,802 :: 		
0x0143	0x00FA      	MOVWF      R10
;__Lib_MathDouble.c,803 :: 		
0x0144	0x17F2      	BSF        R2, 7
;__Lib_MathDouble.c,804 :: 		
0x0145	0x17F6      	BSF        R6, 7
;__Lib_MathDouble.c,806 :: 		
0x0146	0x01A0      	CLRF       __math_tempbD
;__Lib_MathDouble.c,807 :: 		
0x0147	0x0872      	MOVF       R2, 0
;__Lib_MathDouble.c,808 :: 		
0x0148	0x00F8      	MOVWF      R8
;__Lib_MathDouble.c,809 :: 		
0x0149	0x0871      	MOVF       R1, 0
;__Lib_MathDouble.c,810 :: 		
0x014A	0x00FC      	MOVWF      R12
;__Lib_MathDouble.c,811 :: 		
0x014B	0x0870      	MOVF       R0, 0
;__Lib_MathDouble.c,812 :: 		
0x014C	0x00FD      	MOVWF      R13
;__Lib_MathDouble.c,814 :: 		
0x014D	0x0874      	MOVF       R4, 0
;__Lib_MathDouble.c,815 :: 		
0x014E	0x02FD      	SUBWF      R13, 1
;__Lib_MathDouble.c,816 :: 		
0x014F	0x0875      	MOVF       R5, 0
;__Lib_MathDouble.c,817 :: 		
0x0150	0x1C03      	BTFSS      STATUS, 0
;__Lib_MathDouble.c,818 :: 		
0x0151	0x0F75      	INCFSZ     R5, 0
;__Lib_MathDouble.c,820 :: 		
0x0152	0x02FC      	SUBWF      R12, 1
;__Lib_MathDouble.c,821 :: 		
0x0153	0x0876      	MOVF       R6, 0
;__Lib_MathDouble.c,822 :: 		
0x0154	0x1C03      	BTFSS      STATUS, 0
;__Lib_MathDouble.c,823 :: 		
0x0155	0x0F76      	INCFSZ     R6, 0
;__Lib_MathDouble.c,825 :: 		
0x0156	0x02F8      	SUBWF      R8, 1
;__Lib_MathDouble.c,826 :: 		
0x0157	0x01F8      	CLRF       R8
;__Lib_MathDouble.c,827 :: 		
0x0158	0x01FC      	CLRF       R12
;__Lib_MathDouble.c,828 :: 		
0x0159	0x01FD      	CLRF       R13
;__Lib_MathDouble.c,829 :: 		
0x015A	0x1C03      	BTFSS      STATUS, 0
;__Lib_MathDouble.c,830 :: 		
0x015B	0x2963      	GOTO       DALIGN32OK
;__Lib_MathDouble.c,832 :: 		
0x015C	0x1003      	BCF        STATUS, 0
;__Lib_MathDouble.c,833 :: 		
0x015D	0x0CF2      	RRF        R2, 1
;__Lib_MathDouble.c,834 :: 		
0x015E	0x0CF1      	RRF        R1, 1
;__Lib_MathDouble.c,835 :: 		
0x015F	0x0CF0      	RRF        R0, 1
;__Lib_MathDouble.c,836 :: 		
0x0160	0x0CF8      	RRF        R8, 1
;__Lib_MathDouble.c,837 :: 		
0x0161	0x3001      	MOVLW      1
;__Lib_MathDouble.c,838 :: 		
0x0162	0x00A0      	MOVWF      __math_tempbD
;__Lib_MathDouble.c,839 :: 		
DALIGN32OK:
;__Lib_MathDouble.c,840 :: 		
0x0163	0x0877      	MOVF       R7, 0
;__Lib_MathDouble.c,841 :: 		
0x0164	0x02F3      	SUBWF      R3, 1
;__Lib_MathDouble.c,842 :: 		
0x0165	0x1C03      	BTFSS      STATUS, 0
;__Lib_MathDouble.c,843 :: 		
0x0166	0x296D      	GOTO       ALTB32
;__Lib_MathDouble.c,845 :: 		
0x0167	0x307E      	MOVLW      126
;__Lib_MathDouble.c,846 :: 		
0x0168	0x0720      	ADDWF      __math_tempbD, 0
;__Lib_MathDouble.c,847 :: 		
0x0169	0x07F3      	ADDWF      R3, 1
;__Lib_MathDouble.c,848 :: 		
0x016A	0x1803      	BTFSC      STATUS, 0
;__Lib_MathDouble.c,849 :: 		
0x016B	0x29CD      	GOTO       JPDSETFOV32
;__Lib_MathDouble.c,850 :: 		
0x016C	0x2972      	GOTO       DARGOK32
;__Lib_MathDouble.c,851 :: 		
ALTB32:
;__Lib_MathDouble.c,852 :: 		
0x016D	0x307E      	MOVLW      126
;__Lib_MathDouble.c,853 :: 		
0x016E	0x0720      	ADDWF      __math_tempbD, 0
;__Lib_MathDouble.c,854 :: 		
0x016F	0x07F3      	ADDWF      R3, 1
;__Lib_MathDouble.c,855 :: 		
0x0170	0x1C03      	BTFSS      STATUS, 0
;__Lib_MathDouble.c,856 :: 		
0x0171	0x29D0      	GOTO       JPDSETFUN32
;__Lib_MathDouble.c,857 :: 		
DARGOK32:
;__Lib_MathDouble.c,858 :: 		
0x0172	0x3018      	MOVLW      24
;__Lib_MathDouble.c,860 :: 		
0x0173	0x07FA      	ADDWF      R10, 1
;__Lib_MathDouble.c,861 :: 		
DLOOP32:
;__Lib_MathDouble.c,862 :: 		
0x0174	0x0DFD      	RLF        R13, 1
;__Lib_MathDouble.c,863 :: 		
0x0175	0x0DFC      	RLF        R12, 1
;__Lib_MathDouble.c,864 :: 		
0x0176	0x0DF8      	RLF        R8, 1
;__Lib_MathDouble.c,865 :: 		
0x0177	0x0DF0      	RLF        R0, 1
;__Lib_MathDouble.c,866 :: 		
0x0178	0x0DF1      	RLF        R1, 1
;__Lib_MathDouble.c,867 :: 		
0x0179	0x0DF2      	RLF        R2, 1
;__Lib_MathDouble.c,868 :: 		
0x017A	0x0DA0      	RLF        __math_tempbD, 1
;__Lib_MathDouble.c,870 :: 		
0x017B	0x0874      	MOVF       R4, 0
;__Lib_MathDouble.c,871 :: 		
0x017C	0x02F0      	SUBWF      R0, 1
;__Lib_MathDouble.c,872 :: 		
0x017D	0x0875      	MOVF       R5, 0
;__Lib_MathDouble.c,873 :: 		
0x017E	0x1C03      	BTFSS      STATUS, 0
;__Lib_MathDouble.c,874 :: 		
0x017F	0x0F75      	INCFSZ     R5, 0
;__Lib_MathDouble.c,876 :: 		
0x0180	0x02F1      	SUBWF      R1, 1
;__Lib_MathDouble.c,877 :: 		
0x0181	0x0876      	MOVF       R6, 0
;__Lib_MathDouble.c,878 :: 		
0x0182	0x1C03      	BTFSS      STATUS, 0
;__Lib_MathDouble.c,879 :: 		
0x0183	0x0F76      	INCFSZ     R6, 0
;__Lib_MathDouble.c,881 :: 		
0x0184	0x02F2      	SUBWF      R2, 1
;__Lib_MathDouble.c,882 :: 		
0x0185	0x0D76      	RLF        R6, 0
;__Lib_MathDouble.c,883 :: 		
0x0186	0x04A0      	IORWF      __math_tempbD, 1
;__Lib_MathDouble.c,884 :: 		
0x0187	0x1C20      	BTFSS      __math_tempbD, 0
;__Lib_MathDouble.c,885 :: 		
0x0188	0x298B      	GOTO       DREST32
;__Lib_MathDouble.c,886 :: 		
0x0189	0x147D      	BSF        R13, 0
;__Lib_MathDouble.c,887 :: 		
0x018A	0x2996      	GOTO       DOK32
;__Lib_MathDouble.c,888 :: 		
DREST32:
;__Lib_MathDouble.c,889 :: 		
0x018B	0x0874      	MOVF       R4, 0
;__Lib_MathDouble.c,890 :: 		
0x018C	0x07F0      	ADDWF      R0, 1
;__Lib_MathDouble.c,891 :: 		
0x018D	0x0875      	MOVF       R5, 0
;__Lib_MathDouble.c,892 :: 		
0x018E	0x1803      	BTFSC      STATUS, 0
;__Lib_MathDouble.c,893 :: 		
0x018F	0x0F75      	INCFSZ     R5, 0
;__Lib_MathDouble.c,895 :: 		
0x0190	0x07F1      	ADDWF      R1, 1
;__Lib_MathDouble.c,896 :: 		
0x0191	0x0876      	MOVF       R6, 0
;__Lib_MathDouble.c,897 :: 		
0x0192	0x1803      	BTFSC      STATUS, 0
;__Lib_MathDouble.c,898 :: 		
0x0193	0x0A76      	INCF       R6, 0
;__Lib_MathDouble.c,899 :: 		
0x0194	0x07F2      	ADDWF      R2, 1
;__Lib_MathDouble.c,900 :: 		
0x0195	0x107D      	BCF        R13, 0
;__Lib_MathDouble.c,901 :: 		
DOK32:
;__Lib_MathDouble.c,903 :: 		
0x0196	0x03FA      	DECF       R10, 1
;__Lib_MathDouble.c,904 :: 		
0x0197	0x301F      	MOVLW      31
;__Lib_MathDouble.c,905 :: 		
0x0198	0x057A      	ANDWF      R10, 0
;__Lib_MathDouble.c,906 :: 		
0x0199	0x1D03      	BTFSS      STATUS, 2
;__Lib_MathDouble.c,907 :: 		
0x019A	0x2974      	GOTO       DLOOP32
;__Lib_MathDouble.c,909 :: 		
0x019B	0x1B7B      	BTFSC      R11, 6
;__Lib_MathDouble.c,910 :: 		
0x019C	0x1C7D      	BTFSS      R13, 0
;__Lib_MathDouble.c,911 :: 		
0x019D	0x29BD      	GOTO       DIV32OK
;__Lib_MathDouble.c,912 :: 		
0x019E	0x1003      	BCF        STATUS, 0
;__Lib_MathDouble.c,913 :: 		
0x019F	0x0DF0      	RLF        R0, 1
;__Lib_MathDouble.c,914 :: 		
0x01A0	0x0DF1      	RLF        R1, 1
;__Lib_MathDouble.c,915 :: 		
0x01A1	0x0DF2      	RLF        R2, 1
;__Lib_MathDouble.c,916 :: 		
0x01A2	0x0DA0      	RLF        __math_tempbD, 1
;__Lib_MathDouble.c,918 :: 		
0x01A3	0x0874      	MOVF       R4, 0
;__Lib_MathDouble.c,919 :: 		
0x01A4	0x02F0      	SUBWF      R0, 1
;__Lib_MathDouble.c,920 :: 		
0x01A5	0x0875      	MOVF       R5, 0
;__Lib_MathDouble.c,921 :: 		
0x01A6	0x1C03      	BTFSS      STATUS, 0
;__Lib_MathDouble.c,922 :: 		
0x01A7	0x0F75      	INCFSZ     R5, 0
;__Lib_MathDouble.c,923 :: 		
0x01A8	0x02F1      	SUBWF      R1, 1
;__Lib_MathDouble.c,924 :: 		
0x01A9	0x0876      	MOVF       R6, 0
;__Lib_MathDouble.c,925 :: 		
0x01AA	0x1C03      	BTFSS      STATUS, 0
;__Lib_MathDouble.c,926 :: 		
0x01AB	0x0F76      	INCFSZ     R6, 0
;__Lib_MathDouble.c,927 :: 		
0x01AC	0x02F2      	SUBWF      R2, 1
;__Lib_MathDouble.c,928 :: 		
0x01AD	0x0D76      	RLF        R6, 0
;__Lib_MathDouble.c,929 :: 		
0x01AE	0x0420      	IORWF      __math_tempbD, 0
;__Lib_MathDouble.c,930 :: 		
0x01AF	0x3901      	ANDLW      1
;__Lib_MathDouble.c,931 :: 		
0x01B0	0x07FD      	ADDWF      R13, 1
;__Lib_MathDouble.c,932 :: 		
0x01B1	0x1803      	BTFSC      STATUS, 0
;__Lib_MathDouble.c,933 :: 		
0x01B2	0x0AFC      	INCF       R12, 1
;__Lib_MathDouble.c,934 :: 		
0x01B3	0x1903      	BTFSC      STATUS, 2
;__Lib_MathDouble.c,935 :: 		
0x01B4	0x0AF8      	INCF       R8, 1
;__Lib_MathDouble.c,936 :: 		
0x01B5	0x1D03      	BTFSS      STATUS, 2
;__Lib_MathDouble.c,937 :: 		
0x01B6	0x29BD      	GOTO       DIV32OK
;__Lib_MathDouble.c,938 :: 		
0x01B7	0x0CF8      	RRF        R8, 1
;__Lib_MathDouble.c,939 :: 		
0x01B8	0x0CFC      	RRF        R12, 1
;__Lib_MathDouble.c,940 :: 		
0x01B9	0x0CFD      	RRF        R13, 1
;__Lib_MathDouble.c,941 :: 		
0x01BA	0x0AF3      	INCF       R3, 1
;__Lib_MathDouble.c,942 :: 		
0x01BB	0x1903      	BTFSC      STATUS, 2
;__Lib_MathDouble.c,943 :: 		
0x01BC	0x29CD      	GOTO       JPDSETFOV32
;__Lib_MathDouble.c,944 :: 		
DIV32OK:
;__Lib_MathDouble.c,945 :: 		
0x01BD	0x1FFA      	BTFSS      R10, 7
;__Lib_MathDouble.c,946 :: 		
0x01BE	0x13F8      	BCF        R8, 7
;__Lib_MathDouble.c,947 :: 		
0x01BF	0x0878      	MOVF       R8, 0
;__Lib_MathDouble.c,948 :: 		
0x01C0	0x00F2      	MOVWF      R2
;__Lib_MathDouble.c,949 :: 		
0x01C1	0x087C      	MOVF       R12, 0
;__Lib_MathDouble.c,950 :: 		
0x01C2	0x00F1      	MOVWF      R1
;__Lib_MathDouble.c,951 :: 		
0x01C3	0x087D      	MOVF       R13, 0
;__Lib_MathDouble.c,952 :: 		
0x01C4	0x00F0      	MOVWF      R0
;__Lib_MathDouble.c,954 :: 		
0x01C5	0x3000      	MOVLW      0
;__Lib_MathDouble.c,956 :: 		
0x01C6	0x29D2      	GOTO       DIV32EEE
;__Lib_MathDouble.c,957 :: 		
JPDSETFDZ32:
;__Lib_MathDouble.c,958 :: 		
0x01C7	0x3001      	MOVLW      1
;__Lib_MathDouble.c,961 :: 		
0x01C8	0x210D      	CALL       _SETFDZ32
;__Lib_MathDouble.c,963 :: 		
0x01C9	0x29D2      	GOTO       DIV32EEE
;__Lib_MathDouble.c,964 :: 		
JPDRES032:
;__Lib_MathDouble.c,965 :: 		
0x01CA	0x3002      	MOVLW      2
;__Lib_MathDouble.c,968 :: 		
0x01CB	0x20A4      	CALL       _RES032
;__Lib_MathDouble.c,970 :: 		
0x01CC	0x29D2      	GOTO       DIV32EEE
;__Lib_MathDouble.c,971 :: 		
JPDSETFOV32:
;__Lib_MathDouble.c,972 :: 		
0x01CD	0x3004      	MOVLW      4
;__Lib_MathDouble.c,975 :: 		
0x01CE	0x2101      	CALL       _SETFOV32
;__Lib_MathDouble.c,977 :: 		
0x01CF	0x29D2      	GOTO       DIV32EEE
;__Lib_MathDouble.c,978 :: 		
JPDSETFUN32:
;__Lib_MathDouble.c,979 :: 		
0x01D0	0x3008      	MOVLW      8
;__Lib_MathDouble.c,982 :: 		
0x01D1	0x20AB      	CALL       _SETFUN32
;__Lib_MathDouble.c,984 :: 		
DIV32EEE:
;__Lib_MathDouble.c,985 :: 		
0x01D2	0x0000      	NOP
;__Lib_MathDouble.c,994 :: 		
L_end_Div_32x32_FP:
0x01D3	0x0008      	RETURN
; end of _Div_32x32_FP
_Word2Double:
;__Lib_MathDouble.c,1862 :: 		
;__Lib_MathDouble.c,1868 :: 		
0x01D4	0x1283      	BCF        STATUS, 5
;__Lib_MathDouble.c,1869 :: 		
0x01D5	0x1303      	BCF        STATUS, 6
;__Lib_MathDouble.c,1870 :: 		
0x01D6	0x0870      	MOVF       R0, 0
;__Lib_MathDouble.c,1871 :: 		
0x01D7	0x00F8      	MOVWF      R8
;__Lib_MathDouble.c,1872 :: 		
0x01D8	0x0871      	MOVF       R1, 0
;__Lib_MathDouble.c,1873 :: 		
0x01D9	0x00F0      	MOVWF      R0
;__Lib_MathDouble.c,1874 :: 		
0x01DA	0x01F1      	CLRF       R1
;__Lib_MathDouble.c,1875 :: 		
0x01DB	0x01F2      	CLRF       R2
;__Lib_MathDouble.c,1876 :: 		
0x01DC	0x01F3      	CLRF       R3
;__Lib_MathDouble.c,1879 :: 		
0x01DD	0x01FB      	CLRF       R11
;__Lib_MathDouble.c,1880 :: 		
0x01DE	0x01FC      	CLRF       R12
;__Lib_MathDouble.c,1882 :: 		
0x01DF	0x3096      	MOVLW      150
;__Lib_MathDouble.c,1883 :: 		
0x01E0	0x00F3      	MOVWF      R3
;__Lib_MathDouble.c,1884 :: 		
0x01E1	0x01FA      	CLRF       R10
;__Lib_MathDouble.c,1886 :: 		
0x01E2	0x0870      	MOVF       R0, 0
;__Lib_MathDouble.c,1887 :: 		
0x01E3	0x00F1      	MOVWF      R1
;__Lib_MathDouble.c,1888 :: 		
0x01E4	0x0878      	MOVF       R8, 0
;__Lib_MathDouble.c,1889 :: 		
0x01E5	0x00F0      	MOVWF      R0
;__Lib_MathDouble.c,1890 :: 		
0x01E6	0x01F8      	CLRF       R8
;__Lib_MathDouble.c,1891 :: 		
0x01E7	0x01F2      	CLRF       R2
;__Lib_MathDouble.c,1893 :: 		
0x01E8	0x20D2      	CALL       _NRM3232
;__Lib_MathDouble.c,1894 :: 		
L_end_Word2Double:
0x01E9	0x0008      	RETURN
; end of _Word2Double
_Div_16x16_U:
;__Lib_Math.c,215 :: 		
;__Lib_Math.c,222 :: 		
0x01EA	0x1283      	BCF        STATUS, 5
;__Lib_Math.c,223 :: 		
0x01EB	0x1303      	BCF        STATUS, 6
;__Lib_Math.c,224 :: 		
0x01EC	0x01F8      	CLRF       R8
;__Lib_Math.c,225 :: 		
0x01ED	0x01F9      	CLRF       R9
;__Lib_Math.c,226 :: 		
0x01EE	0x3010      	MOVLW      16
;__Lib_Math.c,227 :: 		
0x01EF	0x00FC      	MOVWF      R12
;__Lib_Math.c,228 :: 		
0x01F0	0x0D71      	RLF        R1, 0
;__Lib_Math.c,229 :: 		
0x01F1	0x0DF8      	RLF        R8, 1
;__Lib_Math.c,230 :: 		
0x01F2	0x0DF9      	RLF        R9, 1
;__Lib_Math.c,231 :: 		
0x01F3	0x0874      	MOVF       R4, 0
;__Lib_Math.c,232 :: 		
0x01F4	0x02F8      	SUBWF      R8, 1
;__Lib_Math.c,233 :: 		
0x01F5	0x0875      	MOVF       R5, 0
;__Lib_Math.c,234 :: 		
0x01F6	0x1C03      	BTFSS      STATUS, 0
;__Lib_Math.c,235 :: 		
0x01F7	0x0F75      	INCFSZ     R5, 0
;__Lib_Math.c,236 :: 		
0x01F8	0x02F9      	SUBWF      R9, 1
;__Lib_Math.c,237 :: 		
0x01F9	0x1803      	BTFSC      STATUS, 0
;__Lib_Math.c,238 :: 		
0x01FA	0x2A02      	GOTO       $+8
;__Lib_Math.c,239 :: 		
0x01FB	0x0874      	MOVF       R4, 0
;__Lib_Math.c,240 :: 		
0x01FC	0x07F8      	ADDWF      R8, 1
;__Lib_Math.c,241 :: 		
0x01FD	0x0875      	MOVF       R5, 0
;__Lib_Math.c,242 :: 		
0x01FE	0x1803      	BTFSC      STATUS, 0
;__Lib_Math.c,243 :: 		
0x01FF	0x0F75      	INCFSZ     R5, 0
;__Lib_Math.c,244 :: 		
0x0200	0x07F9      	ADDWF      R9, 1
;__Lib_Math.c,245 :: 		
0x0201	0x1003      	BCF        STATUS, 0
;__Lib_Math.c,246 :: 		
0x0202	0x0DF0      	RLF        R0, 1
;__Lib_Math.c,247 :: 		
0x0203	0x0DF1      	RLF        R1, 1
;__Lib_Math.c,248 :: 		
0x0204	0x0BFC      	DECFSZ     R12, 1
;__Lib_Math.c,249 :: 		
0x0205	0x29F0      	GOTO       $-21
;__Lib_Math.c,251 :: 		
L_end_Div_16x16_U:
0x0206	0x0008      	RETURN
; end of _Div_16x16_U
_Compare_Double:
;__Lib_MathDouble.c,2053 :: 		
;__Lib_MathDouble.c,2062 :: 		
;__Lib_MathDouble.c,2064 :: 		
0x0207	0x1283      	BCF        STATUS, 5
;__Lib_MathDouble.c,2065 :: 		
0x0208	0x1303      	BCF        STATUS, 6
;__Lib_MathDouble.c,2067 :: 		
0x0209	0x01FA      	CLRF       R10
;__Lib_MathDouble.c,2068 :: 		
0x020A	0x0873      	MOVF       R3, 0
;__Lib_MathDouble.c,2069 :: 		
0x020B	0x1D03      	BTFSS      STATUS, 2
;__Lib_MathDouble.c,2070 :: 		
0x020C	0x147A      	BSF        R10, 0
;__Lib_MathDouble.c,2071 :: 		
0x020D	0x0877      	MOVF       R7, 0
;__Lib_MathDouble.c,2072 :: 		
0x020E	0x1D03      	BTFSS      STATUS, 2
;__Lib_MathDouble.c,2073 :: 		
0x020F	0x14FA      	BSF        R10, 1
;__Lib_MathDouble.c,2075 :: 		
0x0210	0x087A      	MOVF       R10, 0
;__Lib_MathDouble.c,2076 :: 		
0x0211	0x1903      	BTFSC      STATUS, 2
;__Lib_MathDouble.c,2077 :: 		
0x0212	0x2A53      	GOTO       COMPARE_EQU
;__Lib_MathDouble.c,2078 :: 		
0x0213	0x3A03      	XORLW      3
;__Lib_MathDouble.c,2079 :: 		
0x0214	0x1903      	BTFSC      STATUS, 2
;__Lib_MathDouble.c,2080 :: 		
0x0215	0x2A1E      	GOTO       COMPARE_NOTZERO
;__Lib_MathDouble.c,2082 :: 		
0x0216	0x187A      	BTFSC      R10, 0
;__Lib_MathDouble.c,2083 :: 		
0x0217	0x2A1B      	GOTO       COMPARE_XNOTZERO
;__Lib_MathDouble.c,2085 :: 		
0x0218	0x1FF6      	BTFSS      R6, 7
;__Lib_MathDouble.c,2086 :: 		
0x0219	0x2A51      	GOTO       COMPARE_LT
;__Lib_MathDouble.c,2087 :: 		
0x021A	0x2A4F      	GOTO       COMPARE_GT
;__Lib_MathDouble.c,2088 :: 		
COMPARE_XNOTZERO:
;__Lib_MathDouble.c,2089 :: 		
0x021B	0x1FF2      	BTFSS      R2, 7
;__Lib_MathDouble.c,2090 :: 		
0x021C	0x2A4F      	GOTO       COMPARE_GT
;__Lib_MathDouble.c,2091 :: 		
0x021D	0x2A51      	GOTO       COMPARE_LT
;__Lib_MathDouble.c,2093 :: 		
COMPARE_NOTZERO:
;__Lib_MathDouble.c,2094 :: 		
0x021E	0x0872      	MOVF       R2, 0
;__Lib_MathDouble.c,2095 :: 		
0x021F	0x3980      	ANDLW      128
;__Lib_MathDouble.c,2096 :: 		
0x0220	0x00FA      	MOVWF      R10
;__Lib_MathDouble.c,2097 :: 		
0x0221	0x13F2      	BCF        R2, 7
;__Lib_MathDouble.c,2099 :: 		
0x0222	0x0876      	MOVF       R6, 0
;__Lib_MathDouble.c,2100 :: 		
0x0223	0x3980      	ANDLW      128
;__Lib_MathDouble.c,2101 :: 		
0x0224	0x13F6      	BCF        R6, 7
;__Lib_MathDouble.c,2103 :: 		
0x0225	0x067A      	XORWF      R10, 0
;__Lib_MathDouble.c,2104 :: 		
0x0226	0x1903      	BTFSC      STATUS, 2
;__Lib_MathDouble.c,2105 :: 		
0x0227	0x2A2C      	GOTO       COMPARE_TESTALL
;__Lib_MathDouble.c,2107 :: 		
0x0228	0x087A      	MOVF       R10, 0
;__Lib_MathDouble.c,2108 :: 		
0x0229	0x1903      	BTFSC      STATUS, 2
;__Lib_MathDouble.c,2109 :: 		
0x022A	0x2A4F      	GOTO       COMPARE_GT
;__Lib_MathDouble.c,2110 :: 		
0x022B	0x2A51      	GOTO       COMPARE_LT
;__Lib_MathDouble.c,2112 :: 		
COMPARE_TESTALL:
;__Lib_MathDouble.c,2113 :: 		
0x022C	0x0877      	MOVF       R7, 0
;__Lib_MathDouble.c,2114 :: 		
0x022D	0x0273      	SUBWF      R3, 0
;__Lib_MathDouble.c,2115 :: 		
0x022E	0x1903      	BTFSC      STATUS, 2
;__Lib_MathDouble.c,2116 :: 		
0x022F	0x2A33      	GOTO       COMPARE_C1
;__Lib_MathDouble.c,2117 :: 		
0x0230	0x1C03      	BTFSS      STATUS, 0
;__Lib_MathDouble.c,2118 :: 		
0x0231	0x2A47      	GOTO       GT_FALSE
;__Lib_MathDouble.c,2119 :: 		
0x0232	0x2A4B      	GOTO       GT_TRUE
;__Lib_MathDouble.c,2120 :: 		
COMPARE_C1:
;__Lib_MathDouble.c,2121 :: 		
0x0233	0x0876      	MOVF       R6, 0
;__Lib_MathDouble.c,2122 :: 		
0x0234	0x0272      	SUBWF      R2, 0
;__Lib_MathDouble.c,2123 :: 		
0x0235	0x1903      	BTFSC      STATUS, 2
;__Lib_MathDouble.c,2124 :: 		
0x0236	0x2A3A      	GOTO       COMPARE_C2
;__Lib_MathDouble.c,2125 :: 		
0x0237	0x1C03      	BTFSS      STATUS, 0
;__Lib_MathDouble.c,2126 :: 		
0x0238	0x2A47      	GOTO       GT_FALSE
;__Lib_MathDouble.c,2127 :: 		
0x0239	0x2A4B      	GOTO       GT_TRUE
;__Lib_MathDouble.c,2128 :: 		
COMPARE_C2:
;__Lib_MathDouble.c,2129 :: 		
0x023A	0x0875      	MOVF       R5, 0
;__Lib_MathDouble.c,2130 :: 		
0x023B	0x0271      	SUBWF      R1, 0
;__Lib_MathDouble.c,2131 :: 		
0x023C	0x1903      	BTFSC      STATUS, 2
;__Lib_MathDouble.c,2132 :: 		
0x023D	0x2A41      	GOTO       COMPARE_C3
;__Lib_MathDouble.c,2133 :: 		
0x023E	0x1C03      	BTFSS      STATUS, 0
;__Lib_MathDouble.c,2134 :: 		
0x023F	0x2A47      	GOTO       GT_FALSE
;__Lib_MathDouble.c,2135 :: 		
0x0240	0x2A4B      	GOTO       GT_TRUE
;__Lib_MathDouble.c,2136 :: 		
COMPARE_C3:
;__Lib_MathDouble.c,2137 :: 		
0x0241	0x0874      	MOVF       R4, 0
;__Lib_MathDouble.c,2138 :: 		
0x0242	0x0270      	SUBWF      R0, 0
;__Lib_MathDouble.c,2139 :: 		
0x0243	0x1903      	BTFSC      STATUS, 2
;__Lib_MathDouble.c,2140 :: 		
0x0244	0x2A53      	GOTO       COMPARE_EQU
;__Lib_MathDouble.c,2141 :: 		
0x0245	0x1803      	BTFSC      STATUS, 0
;__Lib_MathDouble.c,2142 :: 		
0x0246	0x2A4B      	GOTO       GT_TRUE
;__Lib_MathDouble.c,2144 :: 		
GT_FALSE:
;__Lib_MathDouble.c,2145 :: 		
0x0247	0x08FA      	MOVF       R10, 1
;__Lib_MathDouble.c,2146 :: 		
0x0248	0x1903      	BTFSC      STATUS, 2
;__Lib_MathDouble.c,2147 :: 		
0x0249	0x2A51      	GOTO       COMPARE_LT
;__Lib_MathDouble.c,2148 :: 		
0x024A	0x2A4F      	GOTO       COMPARE_GT
;__Lib_MathDouble.c,2149 :: 		
GT_TRUE:
;__Lib_MathDouble.c,2150 :: 		
0x024B	0x08FA      	MOVF       R10, 1
;__Lib_MathDouble.c,2151 :: 		
0x024C	0x1903      	BTFSC      STATUS, 2
;__Lib_MathDouble.c,2152 :: 		
0x024D	0x2A4F      	GOTO       COMPARE_GT
;__Lib_MathDouble.c,2153 :: 		
0x024E	0x2A51      	GOTO       COMPARE_LT
;__Lib_MathDouble.c,2155 :: 		
COMPARE_GT:
;__Lib_MathDouble.c,2158 :: 		
0x024F	0x1403      	BSF        STATUS, 0
;__Lib_MathDouble.c,2159 :: 		
0x0250	0x0008      	RETURN
;__Lib_MathDouble.c,2160 :: 		
COMPARE_LT:
;__Lib_MathDouble.c,2163 :: 		
0x0251	0x1003      	BCF        STATUS, 0
;__Lib_MathDouble.c,2164 :: 		
0x0252	0x0008      	RETURN
;__Lib_MathDouble.c,2165 :: 		
COMPARE_EQU:
;__Lib_MathDouble.c,2168 :: 		
0x0253	0x1403      	BSF        STATUS, 0
;__Lib_MathDouble.c,2169 :: 		
0x0254	0x1503      	BSF        STATUS, 2
;__Lib_MathDouble.c,2170 :: 		
0x0255	0x0008      	RETURN
;__Lib_MathDouble.c,2172 :: 		
L_end_Compare_Double:
0x0256	0x0008      	RETURN
; end of _Compare_Double
_UART1_Write:
;__Lib_UART_c67.c,39 :: 		
;__Lib_UART_c67.c,40 :: 		
L_UART1_Write3:
0x0257	0x1683      	BSF        STATUS, 5
0x0258	0x1303      	BCF        STATUS, 6
0x0259	0x1898      	BTFSC      TXSTA, 1
0x025A	0x2A5D      	GOTO       L_UART1_Write4
;__Lib_UART_c67.c,41 :: 		
0x025B	0x0000      	NOP
0x025C	0x2A57      	GOTO       L_UART1_Write3
L_UART1_Write4:
;__Lib_UART_c67.c,42 :: 		
0x025D	0x1283      	BCF        STATUS, 5
0x025E	0x0837      	MOVF       FARG_UART1_Write_data_, 0
0x025F	0x0099      	MOVWF      TXREG
;__Lib_UART_c67.c,43 :: 		
L_end_UART1_Write:
0x0260	0x0008      	RETURN
; end of _UART1_Write
_Double2Byte:
;__Lib_MathDouble.c,1670 :: 		
;__Lib_MathDouble.c,1677 :: 		
0x0261	0x1283      	BCF        STATUS, 5
;__Lib_MathDouble.c,1678 :: 		
0x0262	0x1303      	BCF        STATUS, 6
;__Lib_MathDouble.c,1680 :: 		
0x0263	0x01FB      	CLRF       R11
;__Lib_MathDouble.c,1681 :: 		
0x0264	0x01FC      	CLRF       R12
;__Lib_MathDouble.c,1682 :: 		
0x0265	0x01FA      	CLRF       R10
;__Lib_MathDouble.c,1684 :: 		
0x0266	0x0873      	MOVF       R3, 0
;__Lib_MathDouble.c,1685 :: 		
0x0267	0x1903      	BTFSC      STATUS, 2
;__Lib_MathDouble.c,1686 :: 		
0x0268	0x2A8E      	GOTO       IRES008
;__Lib_MathDouble.c,1688 :: 		
0x0269	0x13FA      	BCF        R10, 7
;__Lib_MathDouble.c,1689 :: 		
0x026A	0x17F2      	BSF        R2, 7
;__Lib_MathDouble.c,1691 :: 		
0x026B	0x3086      	MOVLW      134
;__Lib_MathDouble.c,1692 :: 		
0x026C	0x02F3      	SUBWF      R3, 1
;__Lib_MathDouble.c,1693 :: 		
0x026D	0x1BF3      	BTFSC      R3, 7
;__Lib_MathDouble.c,1694 :: 		
0x026E	0x2A72      	GOTO       SETEXP08
;__Lib_MathDouble.c,1695 :: 		
0x026F	0x1903      	BTFSC      STATUS, 2
;__Lib_MathDouble.c,1696 :: 		
0x0270	0x2A72      	GOTO       SETEXP08
;__Lib_MathDouble.c,1697 :: 		
0x0271	0x2A90      	GOTO       SETIOV08
;__Lib_MathDouble.c,1698 :: 		
SETEXP08:
;__Lib_MathDouble.c,1699 :: 		
0x0272	0x09F3      	COMF       R3, 1
;__Lib_MathDouble.c,1700 :: 		
0x0273	0x0AF3      	INCF       R3, 1
;__Lib_MathDouble.c,1702 :: 		
0x0274	0x3008      	MOVLW      8
;__Lib_MathDouble.c,1703 :: 		
0x0275	0x0273      	SUBWF      R3, 0
;__Lib_MathDouble.c,1704 :: 		
0x0276	0x1C03      	BTFSS      STATUS, 0
;__Lib_MathDouble.c,1705 :: 		
0x0277	0x2A7F      	GOTO       TSHIFT3208
;__Lib_MathDouble.c,1706 :: 		
0x0278	0x00F3      	MOVWF      R3
;__Lib_MathDouble.c,1707 :: 		
0x0279	0x0DF2      	RLF        R2, 1
;__Lib_MathDouble.c,1708 :: 		
0x027A	0x01F2      	CLRF       R2
;__Lib_MathDouble.c,1710 :: 		
0x027B	0x0873      	MOVF       R3, 0
;__Lib_MathDouble.c,1711 :: 		
0x027C	0x1D03      	BTFSS      STATUS, 2
;__Lib_MathDouble.c,1712 :: 		
0x027D	0x1003      	BCF        STATUS, 0
;__Lib_MathDouble.c,1713 :: 		
0x027E	0x2A86      	GOTO       SHIFT3208OK
;__Lib_MathDouble.c,1714 :: 		
TSHIFT3208:
;__Lib_MathDouble.c,1715 :: 		
0x027F	0x0873      	MOVF       R3, 0
;__Lib_MathDouble.c,1716 :: 		
0x0280	0x1903      	BTFSC      STATUS, 2
;__Lib_MathDouble.c,1717 :: 		
0x0281	0x2A86      	GOTO       SHIFT3208OK
;__Lib_MathDouble.c,1718 :: 		
SHIFT3208:
;__Lib_MathDouble.c,1719 :: 		
0x0282	0x1003      	BCF        STATUS, 0
;__Lib_MathDouble.c,1720 :: 		
0x0283	0x0CF2      	RRF        R2, 1
;__Lib_MathDouble.c,1721 :: 		
0x0284	0x0BF3      	DECFSZ     R3, 1
;__Lib_MathDouble.c,1722 :: 		
0x0285	0x2A82      	GOTO       SHIFT3208
;__Lib_MathDouble.c,1723 :: 		
SHIFT3208OK:
;__Lib_MathDouble.c,1724 :: 		
0x0286	0x1B7B      	BTFSC      R11, 6
;__Lib_MathDouble.c,1725 :: 		
0x0287	0x1C72      	BTFSS      R2, 0
;__Lib_MathDouble.c,1726 :: 		
0x0288	0x2A8E      	GOTO       INT3208OK
;__Lib_MathDouble.c,1727 :: 		
0x0289	0x1C03      	BTFSS      STATUS, 0
;__Lib_MathDouble.c,1728 :: 		
0x028A	0x2A8E      	GOTO       INT3208OK
;__Lib_MathDouble.c,1729 :: 		
0x028B	0x0AF2      	INCF       R2, 1
;__Lib_MathDouble.c,1730 :: 		
0x028C	0x1903      	BTFSC      STATUS, 2
;__Lib_MathDouble.c,1731 :: 		
0x028D	0x2A95      	GOTO       D2B_JPKSETIOV3224
;__Lib_MathDouble.c,1732 :: 		
INT3208OK:
;__Lib_MathDouble.c,1733 :: 		
IRES008:
;__Lib_MathDouble.c,1734 :: 		
0x028E	0x01F1      	CLRF       R1
;__Lib_MathDouble.c,1735 :: 		
0x028F	0x2A98      	GOTO       INT3208EOK
;__Lib_MathDouble.c,1736 :: 		
SETIOV08:
;__Lib_MathDouble.c,1737 :: 		
0x0290	0x147B      	BSF        R11, 0
;__Lib_MathDouble.c,1738 :: 		
0x0291	0x1FFB      	BTFSS      R11, 7
;__Lib_MathDouble.c,1739 :: 		
0x0292	0x2A9B      	GOTO       INT3208EER
;__Lib_MathDouble.c,1741 :: 		
0x0293	0x01F1      	CLRF       R1
;__Lib_MathDouble.c,1742 :: 		
0x0294	0x2A9B      	GOTO       INT3208EER
;__Lib_MathDouble.c,1743 :: 		
D2B_JPKSETIOV3224:
;__Lib_MathDouble.c,1744 :: 		
0x0295	0x3001      	MOVLW      1
;__Lib_MathDouble.c,1745 :: 		
0x0296	0x00FC      	MOVWF      R12
;__Lib_MathDouble.c,1746 :: 		
0x0297	0x2A9D      	GOTO       INT3208EEE
;__Lib_MathDouble.c,1747 :: 		
INT3208EOK:
;__Lib_MathDouble.c,1748 :: 		
0x0298	0x3000      	MOVLW      0
;__Lib_MathDouble.c,1749 :: 		
0x0299	0x00FC      	MOVWF      R12
;__Lib_MathDouble.c,1750 :: 		
0x029A	0x2A9D      	GOTO       INT3208EEE
;__Lib_MathDouble.c,1751 :: 		
INT3208EER:
;__Lib_MathDouble.c,1752 :: 		
0x029B	0x30FF      	MOVLW      255
;__Lib_MathDouble.c,1753 :: 		
0x029C	0x00FC      	MOVWF      R12
;__Lib_MathDouble.c,1754 :: 		
INT3208EEE:
;__Lib_MathDouble.c,1757 :: 		
0x029D	0x08FC      	MOVF       R12, 1
;__Lib_MathDouble.c,1759 :: 		
0x029E	0x1903      	BTFSC      STATUS, 2
;__Lib_MathDouble.c,1760 :: 		
0x029F	0x2AA1      	GOTO       L_Double2Byte_0
;__Lib_MathDouble.c,1762 :: 		
0x02A0	0x2110      	CALL       _SETIOV3224
;__Lib_MathDouble.c,1764 :: 		
L_Double2Byte_0:
;__Lib_MathDouble.c,1765 :: 		
0x02A1	0x0872      	MOVF       R2, 0
;__Lib_MathDouble.c,1766 :: 		
0x02A2	0x00F0      	MOVWF      R0
;__Lib_MathDouble.c,1770 :: 		
L_end_Double2Byte:
0x02A3	0x0008      	RETURN
; end of _Double2Byte
_InitMain:
;PFmicroSensor.c,11 :: 		void InitMain() {
;PFmicroSensor.c,12 :: 		ANSEL  = 0x00;                          // Configure AN0 & AN1 pins as analog, the rest digital
0x02A4	0x1683      	BSF        STATUS, 5
0x02A5	0x1703      	BSF        STATUS, 6
0x02A6	0x0188      	CLRF       ANSEL
;PFmicroSensor.c,13 :: 		ANSELH = 0;
0x02A7	0x0189      	CLRF       ANSELH
;PFmicroSensor.c,14 :: 		C1ON_bit = 0;                       // Disable comparators
0x02A8	0x1283      	BCF        STATUS, 5
0x02A9	0x1387      	BCF        C1ON_bit, BitPos(C1ON_bit+0)
;PFmicroSensor.c,15 :: 		C2ON_bit = 0;
0x02AA	0x1388      	BCF        C2ON_bit, BitPos(C2ON_bit+0)
;PFmicroSensor.c,17 :: 		PORTA = 0;
0x02AB	0x1303      	BCF        STATUS, 6
0x02AC	0x0185      	CLRF       PORTA
;PFmicroSensor.c,18 :: 		TRISA = 0;                        // configure PORTA pins as input
0x02AD	0x1683      	BSF        STATUS, 5
0x02AE	0x0185      	CLRF       TRISA
;PFmicroSensor.c,19 :: 		PORTB = 255;                          // set PORTC to 0
0x02AF	0x30FF      	MOVLW      255
0x02B0	0x1283      	BCF        STATUS, 5
0x02B1	0x0086      	MOVWF      PORTB
;PFmicroSensor.c,20 :: 		TRISB = 255;
0x02B2	0x30FF      	MOVLW      255
0x02B3	0x1683      	BSF        STATUS, 5
0x02B4	0x0086      	MOVWF      TRISB
;PFmicroSensor.c,21 :: 		TRISC = 0x00;                          // designate PORTC pins as output
0x02B5	0x0187      	CLRF       TRISC
;PFmicroSensor.c,23 :: 		PORTC = 0;                          // set PORTC to 0
0x02B6	0x1283      	BCF        STATUS, 5
0x02B7	0x0187      	CLRF       PORTC
;PFmicroSensor.c,24 :: 		TRISD=0;
0x02B8	0x1683      	BSF        STATUS, 5
0x02B9	0x0188      	CLRF       TRISD
;PFmicroSensor.c,25 :: 		PORTD=0;
0x02BA	0x1283      	BCF        STATUS, 5
0x02BB	0x0188      	CLRF       PORTD
;PFmicroSensor.c,27 :: 		UART1_Init(19200);
0x02BC	0x3019      	MOVLW      25
0x02BD	0x1683      	BSF        STATUS, 5
0x02BE	0x0099      	MOVWF      SPBRG
0x02BF	0x1518      	BSF        TXSTA, 2
0x02C0	0x20BB      	CALL       _UART1_Init
;PFmicroSensor.c,29 :: 		T1CON = 0b00100000;
0x02C1	0x3020      	MOVLW      32
0x02C2	0x0090      	MOVWF      T1CON
;PFmicroSensor.c,31 :: 		INTCON.GIE = 1;
0x02C3	0x178B      	BSF        INTCON, 7
;PFmicroSensor.c,32 :: 		INTCON.PEIE = 1;
0x02C4	0x170B      	BSF        INTCON, 6
;PFmicroSensor.c,33 :: 		INTCON.RBIE = 1;
0x02C5	0x158B      	BSF        INTCON, 3
;PFmicroSensor.c,34 :: 		INTCON.RBIF = 0;
0x02C6	0x100B      	BCF        INTCON, 0
;PFmicroSensor.c,36 :: 		IOCB.IOCB0 = 1;
0x02C7	0x1683      	BSF        STATUS, 5
0x02C8	0x1416      	BSF        IOCB, 0
;PFmicroSensor.c,37 :: 		}
L_end_InitMain:
0x02C9	0x0008      	RETURN
; end of _InitMain
___CC2DW:
;__Lib_System.c,134 :: 		
;__Lib_System.c,137 :: 		
_CC2D_Loop1:
;__Lib_System.c,139 :: 		
0x02CA	0x20CB      	CALL       _____DoICP
0x02CB	0x118A      	BCF        PCLATH, 3
0x02CC	0x120A      	BCF        PCLATH, 4
;__Lib_System.c,141 :: 		
0x02CD	0x0080      	MOVWF      INDF
;__Lib_System.c,142 :: 		
0x02CE	0x0A84      	INCF       FSR, 1
;__Lib_System.c,143 :: 		
0x02CF	0x0AA4      	INCF       ___DoICPAddr, 1
;__Lib_System.c,145 :: 		
0x02D0	0x1903      	BTFSC      STATUS, 2
;__Lib_System.c,146 :: 		
0x02D1	0x0AA5      	INCF       ___DoICPAddr+1, 1
;__Lib_System.c,147 :: 		
0x02D2	0x03F0      	DECF       R0, 1
;__Lib_System.c,149 :: 		
0x02D3	0x1D03      	BTFSS      STATUS, 2
;__Lib_System.c,150 :: 		
0x02D4	0x2ACA      	GOTO       _CC2D_Loop1
;__Lib_System.c,152 :: 		
L_end___CC2DW:
0x02D5	0x0008      	RETURN
; end of ___CC2DW
_main:
;PFmicroSensor.c,69 :: 		void main() {
;PFmicroSensor.c,70 :: 		InitMain();
0x02D6	0x22A4      	CALL       _InitMain
;PFmicroSensor.c,72 :: 		current_duty  = 128;                 // initial value for current_duty
0x02D7	0x3080      	MOVLW      128
0x02D8	0x1283      	BCF        STATUS, 5
0x02D9	0x00A6      	MOVWF      _current_duty
;PFmicroSensor.c,75 :: 		while (1) {                         // endless loop
L_main5:
;PFmicroSensor.c,76 :: 		TMR1H = 0; // Clear Timer1
0x02DA	0x018F      	CLRF       TMR1H
;PFmicroSensor.c,77 :: 		TMR1L = 0;
0x02DB	0x018E      	CLRF       TMR1L
;PFmicroSensor.c,78 :: 		if (Echo==0) {                    // button on RA0 pressed
0x02DC	0x1806      	BTFSC      PORTB, 0
0x02DD	0x2AEF      	GOTO       L_main7
;PFmicroSensor.c,79 :: 		delay_us(40);
0x02DE	0x301A      	MOVLW      26
0x02DF	0x00FD      	MOVWF      R13
L_main8:
0x02E0	0x0BFD      	DECFSZ     R13, 1
0x02E1	0x2AE0      	GOTO       L_main8
0x02E2	0x0000      	NOP
;PFmicroSensor.c,80 :: 		Trig= 0;
0x02E3	0x1005      	BCF        PORTA, 0
;PFmicroSensor.c,81 :: 		delay_us(2);
0x02E4	0x0000      	NOP
0x02E5	0x0000      	NOP
0x02E6	0x0000      	NOP
0x02E7	0x0000      	NOP
;PFmicroSensor.c,82 :: 		Trig = 1;
0x02E8	0x1405      	BSF        PORTA, 0
;PFmicroSensor.c,83 :: 		delay_us(10); // Send LOW-to-HIGH Pulse of 10us to Ultrasonic
0x02E9	0x3006      	MOVLW      6
0x02EA	0x00FD      	MOVWF      R13
L_main9:
0x02EB	0x0BFD      	DECFSZ     R13, 1
0x02EC	0x2AEB      	GOTO       L_main9
0x02ED	0x0000      	NOP
;PFmicroSensor.c,84 :: 		Trig= 0;
0x02EE	0x1005      	BCF        PORTA, 0
;PFmicroSensor.c,85 :: 		}
L_main7:
;PFmicroSensor.c,86 :: 		}
0x02EF	0x2ADA      	GOTO       L_main5
;PFmicroSensor.c,87 :: 		}
L_end_main:
0x02F0	0x2AF0      	GOTO       $+0
; end of _main
Symbol List:
//** Routines locations **
//ADDRESS    SIZE    PROCEDURE
//----------------------------------------------
0x0004     [160]    _interrupt
0x00A4       [7]    _RES032
0x00AB      [12]    _SETFUN32
0x00B7       [4]    _FIXSIGN32
0x00BB      [16]    _UART1_Init
0x00CB       [7]    _____DoICP
0x00D2      [47]    _NRM3232
0x0101      [12]    _SETFOV32
0x010D       [3]    _SETFDZ32
0x0110      [13]    _SETIOV3224
0x011D     [183]    _Div_32x32_FP
0x01D4      [22]    _Word2Double
0x01EA      [29]    _Div_16x16_U
0x0207      [80]    _Compare_Double
0x0257      [10]    _UART1_Write
0x0261      [67]    _Double2Byte
0x02A4      [38]    _InitMain
0x02CA      [12]    ___CC2DW
0x02D6      [27]    _main
//** Variables locations ** 
//ADDRESS    SIZE    VARIABLE
//----------------------------------------------
0x0000       [1]    INDF
0x0002       [1]    PCL
0x0003       [1]    STATUS
0x0004       [1]    FSR
0x0005       [0]    Trig
0x0005       [1]    PORTA
0x0006       [1]    PORTB
0x0006       [0]    Echo
0x0007       [1]    PORTC
0x0008       [1]    PORTD
0x000A       [1]    PCLATH
0x000B       [1]    INTCON
0x000C       [1]    PIR1
0x000E       [1]    TMR1L
0x000F       [1]    TMR1H
0x0010       [1]    T1CON
0x0018       [1]    RCSTA
0x0019       [1]    TXREG
0x001A       [1]    RCREG
0x0020       [1]    __math_tempbD
0x0023       [1]    _mensaje
0x0024       [2]    ___DoICPAddr
0x0026       [1]    _current_duty
0x0027       [4]    _distance_cm
0x002B       [4]    _duration
0x002F       [2]    _TMR
0x0031       [1]    ___savePCLATH
0x0032       [1]    ___saveSTATUS
0x0033       [4]    FLOC__interrupt
0x0037       [1]    FARG_UART1_Write_data_
0x0070       [1]    R0
0x0071       [1]    R1
0x0072       [1]    R2
0x0073       [1]    R3
0x0074       [1]    R4
0x0075       [1]    R5
0x0076       [1]    R6
0x0077       [1]    R7
0x0078       [1]    R8
0x0079       [1]    R9
0x007A       [1]    R10
0x007B       [1]    R11
0x007C       [1]    R12
0x007D       [1]    R13
0x007E       [1]    R14
0x007F       [1]    R15
0x0085       [1]    TRISA
0x0086       [1]    TRISB
0x0087       [1]    TRISC
0x0087       [0]    TRISC7_bit
0x0087       [0]    TRISC6_bit
0x0088       [1]    TRISD
0x0096       [1]    IOCB
0x0098       [1]    TXSTA
0x0099       [1]    SPBRG
0x009A       [1]    SPBRGH
0x0107       [0]    C1ON_bit
0x0108       [0]    C2ON_bit
0x0188       [1]    ANSEL
0x0189       [1]    ANSELH
//** Label List: ** 
//----------------------------------------------
  L_interrupt0
  L_interrupt1
  L_interrupt2
  L_interrupt3
  L_interrupt4
  L_main5
  L_main6
  L_main7
  L_main8
  L_main9
  L_end_InitMain
  _InitMain
  L_end_interrupt
  _interrupt
  L__interrupt12
  L_end_main
  _main
  L_loopCA2AWs
  L_CA2AWend
  _CCA2AW_Loop1
  L_loopCS2Ss
  L_CS2Send
  _CCS2S_Loop1
  L_CCS2Send
  L_loopFZinSWs
  L_FZinSend
  _CC2D_Loop1
  L_end_____DoICP
  _____DoICP
  L_end_____DoIFC
  _____DoIFC
  L_end___CA2AW
  ___CA2AW
  L_end___CCA2AW
  ___CCA2AW
  L_end___CS2S
  ___CS2S
  L_end___CCS2S
  ___CCS2S
  L_end___FZinS
  ___FZinS
  L_end___CC2DW
  ___CC2DW
  L_end_Swap
  _Swap
  L_UART1_Init0
  L_UART1_Init1
  L_UART1_Read2
  L_UART1_Write3
  L_UART1_Write4
  L_UART1_Write_Text5
  L_UART1_Write_Text6
  L_UART1_Read_Text7
  L_UART1_Read_Text8
  L_UART1_Read_Text9
  L_UART1_Read_Text10
  L_UART1_Read_Text11
  L_UART1_Read_Text12
  L_UART1_Read_Text13
  L_UART1_Read_Text14
  L_UART1_Read_Text15
  L_end_UART1_Init
  _UART1_Init
  L_end_UART1_Data_Ready
  _UART1_Data_Ready
  L_end_UART1_Read
  _UART1_Read
  L_end_UART1_Tx_Idle
  _UART1_Tx_Idle
  L_end_UART1_Write
  _UART1_Write
  L_end_UART1_Write_Text
  _UART1_Write_Text
  L_end_UART1_Read_Text
  _UART1_Read_Text
  L_interrupt0
  L_interrupt1
  L_interrupt2
  L_interrupt3
  L_interrupt4
  L_main5
  L_main6
  L_main7
  L_main8
  L_main9
  L_end_InitMain
  _InitMain
  L_end_interrupt
  _interrupt
  L__interrupt12
  L_end_main
  _main
  L_Div_16x16_S0
  L_Div_16x16_S1
  LOOPS3232A
  SADD22LA
  SOK22LA
  SADD22L8
  SOK22L8
  LOOPS3232B
  SADD22LB
  SOK22LB
  SADD22L16
  SOK22L16
  LOOPS3232C
  SADD22LC
  SOK22LC
  SADD22L24
  SOK22L24
  LOOPS3232D
  SADD22LD
  SOK22LD
  SOK22L
  L_Div_32x32_S6
  L_Div_32x32_S7
  L_Div_32x32_S8
  L_Div_32x32_S9
  FXD3232S
  END_ALL
  CA3232S
  C3232SX
  C3232SX1
  C3232S
  C3232S2
  C3232SX4
  C3232SOK
  C3232SX3
  C3232SX2
  avoid_comfrem
  LOOPU3232A
  UADD22LA
  UOK22LA
  UADD22L8
  UOK22L8
  LOOPU3232B
  UADD22LB
  UOK22LB
  UADD22L16
  UOK22L16
  LOOPU3232C
  UADD22LC
  UOK22LC
  UADD22L24
  UOK22L24
  LOOPU3232D
  UADD22LD
  UOK22LD
  UOK22L
  _NEXT
  _EXIT2
  _LOOP
  _EXIT1
  _IF_FIRST
  _IF_SECOND
  _INVERCE_FIRST
  _MULT
  _INBERSE_SECOND
  _EXIT
  L_end_Mul_8x8_U
  _Mul_8x8_U
  L_end_Mul_16x16_U
  _Mul_16x16_U
  L_end_Div_8x8_U
  _Div_8x8_U
  L_end_Div_16x16_U
  _Div_16x16_U
  L_end_Mul_8x8_S
  _Mul_8x8_S
  L_end_Mul_16x16_S
  _Mul_16x16_S
  L_end_Div_16x16_S_L
  _Div_16x16_S_L
  L_end_Div_16x16_S
  _Div_16x16_S
  L_end_Div_8x8_S
  _Div_8x8_S
  L_end_SDIV3232L
  _SDIV3232L
  L_end_COMFREM
  _COMFREM
  L_end_Div_32x32_S
  _Div_32x32_S
  L_end_Div_32x32_U
  _Div_32x32_U
  L_end_Mul_32x32_U
  _Mul_32x32_U
  L_end_Mul_32x32_S
  _Mul_32x32_S
  SETFOV32EEE
  SETFUN32EEE
  NORM3232
  JPNRES032
  JPNSETFUN32
  NORM3232A
  JMPNFIXSIGN32
  NORM32EEE
  NRMRND4032
  NRM4032
  JMPSETFOV32
  NORM4032
  JMPRES032
  JMPSETFUN32
  NORM4032A
  JMPFIXSIGN32
  NRM4032EEE
  USEA32
  JMPEEE
  ALIGNED32
  ALIGNB32
  ALOOPB32
  AOK32
  ACOMP32
  JMPNRMRND4032
  ADD_JMPSETFOV32
  JMPNRM4032
  JMPNRM32
  ADD32EEE
  FPM32
  JPMRES032
  M32BNE0
  MTUN32
  JPMSETFOV32
  MOK32
  JPMSETFUN32
  MLOOP32
  MNOADD32
  MADD32
  MROUND32
  MUL32OK
  MUL32EEE
  L_Div_32x32_FP7
  L_Div_32x32_FP8
  L_Div_32x32_FP9
  L_Div_32x32_FP10
  FPD32
  JPDSETFDZ32
  JPDRES032
  D32BNE0
  TALIGN32
  TS1ALIGN32
  TS2ALIGN32
  DALIGN32OK
  ALTB32
  AGEB32
  JPDSETFOV32
  DARGOK32
  JPDSETFUN32
  DLOOP32
  DS132
  DS232
  DREST32
  DOK32
  DAREST32
  DROUND32
  DIV32OK
  DIV32EEE
  SETIOV3224EEE
  INT3232U
  INT3232UEOK
  SETEXP32U
  SETIOV32U
  TSHIFT3232U
  SHIFT3232UOK
  SHIFT3232U
  INT3232UOK
  JPLSETIOV3224
  IRES032U
  INT3232UEER
  INT3232UEEE
  L_Double2Longword_0
  INT3232
  INT3232EOK
  SETIOV32
  TSHIFT3232
  SHIFT3232OK
  SHIFT3232
  INT3232OK
  JPISETIOV3224
  IRES032
  INT3232EER
  INT3232EEE
  L_Double2Longint_0
  INT3216
  IRES016
  SETIOV16
  TSHIFT3216
  SHIFT3216OK
  SHIFT3216
  INT3216OK
  JPJSETIOV3224
  INT3216EOK
  INT3216EER
  INT3216EEE
  L_Double2Int_0
  INT3216U
  IRES016U
  SETEXP16U
  SETIOV16U
  TSHIFT3216U
  SHIFT3216UOK
  SHIFT3216U
  INT3216UOK
  JPKSETIOV3224
  INT3216UEOK
  INT3216UEER
  INT3216UEEE
  L_Double2Word_0
  INT32U08
  IRES008
  SETEXP08
  SETIOV08
  TSHIFT3208
  SHIFT3208OK
  SHIFT3208
  INT3208OK
  D2B_JPKSETIOV3224
  INT3208EOK
  INT3208EER
  INT3208EEE
  L_Double2Byte_0
  FLO08U32
  FLO1632
  FLO1632EEE
  FLO16U32
  FLO3232
  FLO3232EEE
  FLO32U32
  EQU_FALSE
  COMPARE_EQU
  COMPARE_NOTZERO
  COMPARE_XNOTZERO
  COMPARE_YNOTZERO
  COMPARE_LT
  COMPARE_GT
  COMPARE_TESTALL
  COMPARE_C1
  GT_FALSE
  GT_TRUE
  COMPARE_C2
  COMPARE_C3
  L_end_SETFOV32
  _SETFOV32
  L_end_SETFDZ32
  _SETFDZ32
  L_end_FIXSIGN32
  _FIXSIGN32
  L_end_RES032
  _RES032
  L_end_SETFUN32
  _SETFUN32
  L_end_NRM3232
  _NRM3232
  L_end_NRM4032
  _NRM4032
  L_end_Add_32x32_FP
  _Add_32x32_FP
  L_end_Sub_32x32_FP
  _Sub_32x32_FP
  L_end_Mul_32x32_FP
  _Mul_32x32_FP
  L_end_Div_32x32_FP
  _Div_32x32_FP
  L_end_SETIOV3224
  _SETIOV3224
  L_end_Double2Longword
  _Double2Longword
  L_end_Double2Longint
  _Double2Longint
  L_end_Double2Int
  _Double2Int
  L_end_Double2Word
  _Double2Word
  L_end_Double2Byte
  _Double2Byte
  L_end_Byte2Double
  _Byte2Double
  L_end_Int2Double
  _Int2Double
  L_end_Word2Double
  _Word2Double
  L_end_Longint2Double
  _Longint2Double
  L_end_Longword2Double
  _Longword2Double
  L_end_Equals_Double
  _Equals_Double
  L_end_Compare_Double
  _Compare_Double
  L_UART1_Init0
  L_UART1_Init1
  L_UART1_Read2
  L_UART1_Write3
  L_UART1_Write4
  L_UART1_Write_Text5
  L_UART1_Write_Text6
  L_UART1_Read_Text7
  L_UART1_Read_Text8
  L_UART1_Read_Text9
  L_UART1_Read_Text10
  L_UART1_Read_Text11
  L_UART1_Read_Text12
  L_UART1_Read_Text13
  L_UART1_Read_Text14
  L_UART1_Read_Text15
  L_end_UART1_Init
  _UART1_Init
  L_end_UART1_Data_Ready
  _UART1_Data_Ready
  L_end_UART1_Read
  _UART1_Read
  L_end_UART1_Tx_Idle
  _UART1_Tx_Idle
  L_end_UART1_Write
  _UART1_Write
  L_end_UART1_Write_Text
  _UART1_Write_Text
  L_end_UART1_Read_Text
  _UART1_Read_Text
